<?xml version="1.0" encoding="UTF-8"?>
<!-- Generated by org.testng.reporters.JUnitReportReporter -->
<testsuite hostname="LAPTOP-RH83BP8S" failures="0" tests="1" name="Z1.YY" time="0.006" errors="0" timestamp="2023-08-09T21:23:48 GMT-04:00" skipped="0">
  <testcase classname="Z1.YY" name="Test" time="0.006"/>
</testsuite> <!-- Z1.YY -->
