<?xml version="1.0" encoding="UTF-8"?>
<!-- Generated by org.testng.reporters.JUnitReportReporter -->
<testsuite hostname="LAPTOP-RH83BP8S" failures="0" tests="1" name="Z1.Assertions" time="7.833" errors="0" timestamp="2023-08-09T22:45:18 GMT-04:00" skipped="0">
  <testcase classname="Z1.Assertions" name="Test" time="7.833"/>
</testsuite> <!-- Z1.Assertions -->
