<?xml version="1.0" encoding="UTF-8"?>
<!-- Generated by org.testng.reporters.JUnitReportReporter -->
<testsuite hostname="LAPTOP-RH83BP8S" failures="0" tests="1" name="Z1.YYY" time="0.001" errors="0" timestamp="2023-08-09T21:23:48 GMT-04:00" skipped="0">
  <testcase classname="Z1.YYY" name="Test" time="0.001"/>
</testsuite> <!-- Z1.YYY -->
