<?xml version="1.0" encoding="UTF-8"?>
<!-- Generated by org.testng.reporters.JUnitReportReporter -->
<testsuite hostname="LAPTOP-RH83BP8S" failures="0" tests="4" name="com.tutorialsninja_testcases.RegisterTest" time="25.055" errors="0" timestamp="2023-11-29T16:25:14 GMT-05:00" skipped="0">
  <testcase classname="com.tutorialsninja_testcases.RegisterTest" name="registerAccountWithMandatoryDetails" time="6.448"/>
  <testcase classname="com.tutorialsninja_testcases.RegisterTest" name="registerAccountWithAllDetails" time="6.975"/>
  <testcase classname="com.tutorialsninja_testcases.RegisterTest" name="registerAccountWithNoDetails" time="5.342"/>
  <testcase classname="com.tutorialsninja_testcases.RegisterTest" name="registerAccountExistingEmail" time="6.290"/>
</testsuite> <!-- com.tutorialsninja_testcases.RegisterTest -->
