<?xml version="1.0" encoding="UTF-8"?>
<!-- Generated by org.testng.reporters.JUnitReportReporter -->
<testsuite hostname="LAPTOP-RH83BP8S" failures="0" tests="3" name="com.tutorialsninja_testcases.SearchProductTest" time="14.653" errors="0" timestamp="2023-11-29T16:25:14 GMT-05:00" skipped="0">
  <testcase classname="com.tutorialsninja_testcases.SearchProductTest" name="verifySearchWithValidProduct" time="4.815"/>
  <testcase classname="com.tutorialsninja_testcases.SearchProductTest" name="verifySearchWithInvalidProduct" time="4.914"/>
  <testcase classname="com.tutorialsninja_testcases.SearchProductTest" name="verifySearchNoProduct" time="4.924"/>
</testsuite> <!-- com.tutorialsninja_testcases.SearchProductTest -->
